[     371ms] [WARNING] Loading http://localhost:9501/v1/account/prefs using `window.fetch`. For best results, use the `fetch` that is passed to your `load` function: https://svelte.dev/docs/kit/load#making-fetch-requests @ http://localhost:3000/console/node_modules/@sveltejs/kit/src/runtime/client/client.js?v=c9418d1c:3298
[     371ms] [WARNING] Loading http://localhost:9501/v1/health/version using `window.fetch`. For best results, use the `fetch` that is passed to your `load` function: https://svelte.dev/docs/kit/load#making-fetch-requests @ http://localhost:3000/console/node_modules/@sveltejs/kit/src/runtime/client/client.js?v=c9418d1c:3298
[     371ms] [WARNING] Loading http://localhost:9501/v1/console/variables using `window.fetch`. For best results, use the `fetch` that is passed to your `load` function: https://svelte.dev/docs/kit/load#making-fetch-requests @ http://localhost:3000/console/node_modules/@sveltejs/kit/src/runtime/client/client.js?v=c9418d1c:3298
[     376ms] [WARNING] Loading http://localhost:9501/v1/projects?queries%5B0%5D=%7B%22method%22%3A%22equal%22%2C%22attribute%22%3A%22teamId%22%2C%22values%22%3A%5B%2269ca4e880030db1eaa85%22%5D%7D&queries%5B1%5D=%7B%22method%22%3A%22limit%22%2C%22values%22%3A%5B1%5D%7D&queries%5B2%5D=%7B%22method%22%3A%22select%22%2C%22values%22%3A%5B%22%24id%22%5D%7D using `window.fetch`. For best results, use the `fetch` that is passed to your `load` function: https://svelte.dev/docs/kit/load#making-fetch-requests @ http://localhost:3000/console/node_modules/@sveltejs/kit/src/runtime/client/client.js?v=c9418d1c:3298
[     386ms] [WARNING] Loading http://localhost:9501/v1/projects/69ca4ebc001f665bbd91 using `window.fetch`. For best results, use the `fetch` that is passed to your `load` function: https://svelte.dev/docs/kit/load#making-fetch-requests @ http://localhost:3000/console/node_modules/@sveltejs/kit/src/runtime/client/client.js?v=c9418d1c:3298
[     395ms] [WARNING] Loading http://localhost:9501/v1/console/variables using `window.fetch`. For best results, use the `fetch` that is passed to your `load` function: https://svelte.dev/docs/kit/load#making-fetch-requests @ http://localhost:3000/console/node_modules/@sveltejs/kit/src/runtime/client/client.js?v=c9418d1c:3298
[     395ms] [WARNING] Loading http://localhost:9501/v1/organizations/69ca4e880030db1eaa85/roles using `window.fetch`. For best results, use the `fetch` that is passed to your `load` function: https://svelte.dev/docs/kit/load#making-fetch-requests @ http://localhost:3000/console/node_modules/@sveltejs/kit/src/runtime/client/client.js?v=c9418d1c:3298
[     406ms] [WARNING] Loading http://localhost:9501/v1/organizations/69ca4e880030db1eaa85/plan using `window.fetch`. For best results, use the `fetch` that is passed to your `load` function: https://svelte.dev/docs/kit/load#making-fetch-requests @ http://localhost:3000/console/node_modules/@sveltejs/kit/src/runtime/client/client.js?v=c9418d1c:3298
[     426ms] [ERROR] Failed to load resource: the server responded with a status of 401 (Unauthorized) @ http://localhost:9501/v1/projects/69ca4ebc001f665bbd91/console-access:0
[     427ms] [ERROR] Failed to update console access: AppwriteException: Invalid console fingerprint
    at Client.<anonymous> (http://localhost:3000/console/node_modules/.vite/deps/@appwrite__io_console.js?v=c9418d1c:2590:11)
    at Generator.next (<anonymous>)
    at fulfilled (http://localhost:3000/console/node_modules/.vite/deps/@appwrite__io_console.js?v=c9418d1c:1551:20) @ http://localhost:3000/console/src/routes/(console)/project-[region]-[project]/+layout.ts?sentry-auto-wrap:67
[    1960ms] [ERROR] WebSocket connection to 'ws://localhost:9501/v1/realtime?project=console&channels[]=console&console[1][]=%7B%22method%22%3A%22select%22%2C%22values%22%3A%5B%22*%22%5D%7D' failed: Error during WebSocket handshake: Unexpected response code: 404 @ http://localhost:3000/console/node_modules/.vite/deps/@appwrite__io_console.js?v=c9418d1c:19088
[    1960ms] [ERROR] WebSocket error: WebSocket error @ http://localhost:3000/console/node_modules/.vite/deps/@appwrite__io_console.js?v=c9418d1c:19127
[    1963ms] Error: WebSocket error
    at WebSocket.<anonymous> (http://localhost:3000/console/node_modules/.vite/deps/@appwrite__io_console.js?v=c9418d1c:19127:37)
[    3016ms] [ERROR] WebSocket connection to 'ws://localhost:9501/v1/realtime?project=console&channels[]=console&console[1][]=%7B%22method%22%3A%22select%22%2C%22values%22%3A%5B%22*%22%5D%7D' failed: Error during WebSocket handshake: Unexpected response code: 404 @ http://localhost:3000/console/node_modules/.vite/deps/@appwrite__io_console.js?v=c9418d1c:19088
[    3016ms] [ERROR] WebSocket error: WebSocket error @ http://localhost:3000/console/node_modules/.vite/deps/@appwrite__io_console.js?v=c9418d1c:19127
[    3018ms] Error: WebSocket error
    at WebSocket.<anonymous> (http://localhost:3000/console/node_modules/.vite/deps/@appwrite__io_console.js?v=c9418d1c:19127:37)
[    3211ms] [ERROR] WebSocket connection to 'ws://localhost:9501/v1/realtime?project=console&channels[]=project&channels[]=console&project[1][]=%7B%22method%22%3A%22select%22%2C%22values%22%3A%5B%22*%22%5D%7D&console[1][]=%7B%22method%22%3A%22select%22%2C%22values%22%3A%5B%22*%22%5D%7D' failed: Error during WebSocket handshake: Unexpected response code: 400 @ http://localhost:3000/console/node_modules/.vite/deps/@appwrite__io_console.js?v=c9418d1c:19088
[    3211ms] [ERROR] WebSocket error: WebSocket error @ http://localhost:3000/console/node_modules/.vite/deps/@appwrite__io_console.js?v=c9418d1c:19127
[    3213ms] Error: WebSocket error
    at WebSocket.<anonymous> (http://localhost:3000/console/node_modules/.vite/deps/@appwrite__io_console.js?v=c9418d1c:19127:37)
[    4676ms] [ERROR] WebSocket connection to 'ws://localhost:9501/v1/realtime?project=console&channels[]=console&console[1][]=%7B%22method%22%3A%22select%22%2C%22values%22%3A%5B%22*%22%5D%7D' failed: Error during WebSocket handshake: Unexpected response code: 404 @ http://localhost:3000/console/node_modules/.vite/deps/@appwrite__io_console.js?v=c9418d1c:19088
[    4676ms] [ERROR] WebSocket error: WebSocket error @ http://localhost:3000/console/node_modules/.vite/deps/@appwrite__io_console.js?v=c9418d1c:19127
[    4677ms] Error: WebSocket error
    at WebSocket.<anonymous> (http://localhost:3000/console/node_modules/.vite/deps/@appwrite__io_console.js?v=c9418d1c:19127:37)
[    5647ms] [ERROR] WebSocket connection to 'ws://localhost:9501/v1/realtime?project=console&channels[]=console&console[1][]=%7B%22method%22%3A%22select%22%2C%22values%22%3A%5B%22*%22%5D%7D' failed: Error during WebSocket handshake: Unexpected response code: 404 @ http://localhost:3000/console/node_modules/.vite/deps/@appwrite__io_console.js?v=c9418d1c:19088
[    5647ms] [ERROR] WebSocket error: WebSocket error @ http://localhost:3000/console/node_modules/.vite/deps/@appwrite__io_console.js?v=c9418d1c:19127
[    5647ms] [ERROR] Failed to reconnect: Error: WebSocket error
    at WebSocket.<anonymous> (http://localhost:3000/console/node_modules/.vite/deps/@appwrite__io_console.js?v=c9418d1c:19127:37) @ http://localhost:3000/console/node_modules/.vite/deps/@appwrite__io_console.js?v=c9418d1c:19120
[    6525ms] [ERROR] WebSocket connection to 'ws://localhost:9501/v1/realtime?project=console&channels[]=console&console[1][]=%7B%22method%22%3A%22select%22%2C%22values%22%3A%5B%22*%22%5D%7D' failed: Error during WebSocket handshake: Unexpected response code: 404 @ http://localhost:3000/console/node_modules/.vite/deps/@appwrite__io_console.js?v=c9418d1c:19088
[    6525ms] [ERROR] WebSocket error: WebSocket error @ http://localhost:3000/console/node_modules/.vite/deps/@appwrite__io_console.js?v=c9418d1c:19127
[    6525ms] [ERROR] Failed to reconnect: Error: WebSocket error
    at WebSocket.<anonymous> (http://localhost:3000/console/node_modules/.vite/deps/@appwrite__io_console.js?v=c9418d1c:19127:37) @ http://localhost:3000/console/node_modules/.vite/deps/@appwrite__io_console.js?v=c9418d1c:19120
[    8835ms] [ERROR] WebSocket connection to 'ws://localhost:9501/v1/realtime?project=console&channels[]=console&console[1][]=%7B%22method%22%3A%22select%22%2C%22values%22%3A%5B%22*%22%5D%7D' failed: Error during WebSocket handshake: Unexpected response code: 404 @ http://localhost:3000/console/node_modules/.vite/deps/@appwrite__io_console.js?v=c9418d1c:19088
[    8835ms] [ERROR] WebSocket error: WebSocket error @ http://localhost:3000/console/node_modules/.vite/deps/@appwrite__io_console.js?v=c9418d1c:19127
[    8835ms] [ERROR] Failed to reconnect: Error: WebSocket error
    at WebSocket.<anonymous> (http://localhost:3000/console/node_modules/.vite/deps/@appwrite__io_console.js?v=c9418d1c:19127:37) @ http://localhost:3000/console/node_modules/.vite/deps/@appwrite__io_console.js?v=c9418d1c:19120
[    9090ms] [ERROR] WebSocket connection to 'ws://localhost:9501/v1/realtime?project=console&channels[]=project&channels[]=console&project[1][]=%7B%22method%22%3A%22select%22%2C%22values%22%3A%5B%22*%22%5D%7D&console[1][]=%7B%22method%22%3A%22select%22%2C%22values%22%3A%5B%22*%22%5D%7D' failed: Error during WebSocket handshake: Unexpected response code: 400 @ http://localhost:3000/console/node_modules/.vite/deps/@appwrite__io_console.js?v=c9418d1c:19088
[    9090ms] [ERROR] WebSocket error: WebSocket error @ http://localhost:3000/console/node_modules/.vite/deps/@appwrite__io_console.js?v=c9418d1c:19127
[    9090ms] [ERROR] Failed to reconnect: Error: WebSocket error
    at WebSocket.<anonymous> (http://localhost:3000/console/node_modules/.vite/deps/@appwrite__io_console.js?v=c9418d1c:19127:37) @ http://localhost:3000/console/node_modules/.vite/deps/@appwrite__io_console.js?v=c9418d1c:19120
[   11300ms] [ERROR] WebSocket connection to 'ws://localhost:9501/v1/realtime?project=console&channels[]=console&console[1][]=%7B%22method%22%3A%22select%22%2C%22values%22%3A%5B%22*%22%5D%7D' failed: Error during WebSocket handshake: Unexpected response code: 404 @ http://localhost:3000/console/node_modules/.vite/deps/@appwrite__io_console.js?v=c9418d1c:19088
[   11300ms] [ERROR] WebSocket error: WebSocket error @ http://localhost:3000/console/node_modules/.vite/deps/@appwrite__io_console.js?v=c9418d1c:19127
[   11300ms] [ERROR] Failed to reconnect: Error: WebSocket error
    at WebSocket.<anonymous> (http://localhost:3000/console/node_modules/.vite/deps/@appwrite__io_console.js?v=c9418d1c:19127:37) @ http://localhost:3000/console/node_modules/.vite/deps/@appwrite__io_console.js?v=c9418d1c:19120
[   11561ms] [ERROR] WebSocket connection to 'ws://localhost:9501/v1/realtime?project=console&channels[]=console&console[1][]=%7B%22method%22%3A%22select%22%2C%22values%22%3A%5B%22*%22%5D%7D' failed: Error during WebSocket handshake: Unexpected response code: 404 @ http://localhost:3000/console/node_modules/.vite/deps/@appwrite__io_console.js?v=c9418d1c:19088
[   11561ms] [ERROR] WebSocket error: WebSocket error @ http://localhost:3000/console/node_modules/.vite/deps/@appwrite__io_console.js?v=c9418d1c:19127
[   11561ms] [ERROR] Failed to reconnect: Error: WebSocket error
    at WebSocket.<anonymous> (http://localhost:3000/console/node_modules/.vite/deps/@appwrite__io_console.js?v=c9418d1c:19127:37) @ http://localhost:3000/console/node_modules/.vite/deps/@appwrite__io_console.js?v=c9418d1c:19120
[   11647ms] [ERROR] WebSocket connection to 'ws://localhost:9501/v1/realtime?project=console&channels[]=project&channels[]=console&project[1][]=%7B%22method%22%3A%22select%22%2C%22values%22%3A%5B%22*%22%5D%7D&console[1][]=%7B%22method%22%3A%22select%22%2C%22values%22%3A%5B%22*%22%5D%7D' failed: Error during WebSocket handshake: Unexpected response code: 400 @ http://localhost:3000/console/node_modules/.vite/deps/@appwrite__io_console.js?v=c9418d1c:19088
[   11647ms] [ERROR] WebSocket error: WebSocket error @ http://localhost:3000/console/node_modules/.vite/deps/@appwrite__io_console.js?v=c9418d1c:19127
[   11647ms] [ERROR] Failed to reconnect: Error: WebSocket error
    at WebSocket.<anonymous> (http://localhost:3000/console/node_modules/.vite/deps/@appwrite__io_console.js?v=c9418d1c:19127:37) @ http://localhost:3000/console/node_modules/.vite/deps/@appwrite__io_console.js?v=c9418d1c:19120
[   13442ms] [ERROR] WebSocket connection to 'ws://localhost:9501/v1/realtime?project=console&channels[]=console&console[1][]=%7B%22method%22%3A%22select%22%2C%22values%22%3A%5B%22*%22%5D%7D' failed: Error during WebSocket handshake: Unexpected response code: 404 @ http://localhost:3000/console/node_modules/.vite/deps/@appwrite__io_console.js?v=c9418d1c:19088
[   13442ms] [ERROR] WebSocket error: WebSocket error @ http://localhost:3000/console/node_modules/.vite/deps/@appwrite__io_console.js?v=c9418d1c:19127
[   13442ms] [ERROR] Failed to reconnect: Error: WebSocket error
    at WebSocket.<anonymous> (http://localhost:3000/console/node_modules/.vite/deps/@appwrite__io_console.js?v=c9418d1c:19127:37) @ http://localhost:3000/console/node_modules/.vite/deps/@appwrite__io_console.js?v=c9418d1c:19120
[   14320ms] [ERROR] WebSocket connection to 'ws://localhost:9501/v1/realtime?project=console&channels[]=console&console[1][]=%7B%22method%22%3A%22select%22%2C%22values%22%3A%5B%22*%22%5D%7D' failed: Error during WebSocket handshake: Unexpected response code: 404 @ http://localhost:3000/console/node_modules/.vite/deps/@appwrite__io_console.js?v=c9418d1c:19088
[   14320ms] [ERROR] WebSocket error: WebSocket error @ http://localhost:3000/console/node_modules/.vite/deps/@appwrite__io_console.js?v=c9418d1c:19127
[   14320ms] [ERROR] Failed to reconnect: Error: WebSocket error
    at WebSocket.<anonymous> (http://localhost:3000/console/node_modules/.vite/deps/@appwrite__io_console.js?v=c9418d1c:19127:37) @ http://localhost:3000/console/node_modules/.vite/deps/@appwrite__io_console.js?v=c9418d1c:19120
[   15269ms] [ERROR] WebSocket connection to 'ws://localhost:9501/v1/realtime?project=console&channels[]=console&console[1][]=%7B%22method%22%3A%22select%22%2C%22values%22%3A%5B%22*%22%5D%7D' failed: Error during WebSocket handshake: Unexpected response code: 404 @ http://localhost:3000/console/node_modules/.vite/deps/@appwrite__io_console.js?v=c9418d1c:19088
[   15269ms] [ERROR] WebSocket error: WebSocket error @ http://localhost:3000/console/node_modules/.vite/deps/@appwrite__io_console.js?v=c9418d1c:19127
[   15269ms] [ERROR] Failed to reconnect: Error: WebSocket error
    at WebSocket.<anonymous> (http://localhost:3000/console/node_modules/.vite/deps/@appwrite__io_console.js?v=c9418d1c:19127:37) @ http://localhost:3000/console/node_modules/.vite/deps/@appwrite__io_console.js?v=c9418d1c:19120
[   15348ms] [ERROR] WebSocket connection to 'ws://localhost:9501/v1/realtime?project=console&channels[]=project&channels[]=console&project[1][]=%7B%22method%22%3A%22select%22%2C%22values%22%3A%5B%22*%22%5D%7D&console[1][]=%7B%22method%22%3A%22select%22%2C%22values%22%3A%5B%22*%22%5D%7D' failed: Error during WebSocket handshake: Unexpected response code: 400 @ http://localhost:3000/console/node_modules/.vite/deps/@appwrite__io_console.js?v=c9418d1c:19088
[   15348ms] [ERROR] WebSocket error: WebSocket error @ http://localhost:3000/console/node_modules/.vite/deps/@appwrite__io_console.js?v=c9418d1c:19127
[   15348ms] [ERROR] Failed to reconnect: Error: WebSocket error
    at WebSocket.<anonymous> (http://localhost:3000/console/node_modules/.vite/deps/@appwrite__io_console.js?v=c9418d1c:19127:37) @ http://localhost:3000/console/node_modules/.vite/deps/@appwrite__io_console.js?v=c9418d1c:19120
[   17491ms] [ERROR] WebSocket connection to 'ws://localhost:9501/v1/realtime?project=console&channels[]=console&console[1][]=%7B%22method%22%3A%22select%22%2C%22values%22%3A%5B%22*%22%5D%7D' failed: Error during WebSocket handshake: Unexpected response code: 404 @ http://localhost:3000/console/node_modules/.vite/deps/@appwrite__io_console.js?v=c9418d1c:19088
[   17491ms] [ERROR] WebSocket error: WebSocket error @ http://localhost:3000/console/node_modules/.vite/deps/@appwrite__io_console.js?v=c9418d1c:19127
[   17491ms] [ERROR] Failed to reconnect: Error: WebSocket error
    at WebSocket.<anonymous> (http://localhost:3000/console/node_modules/.vite/deps/@appwrite__io_console.js?v=c9418d1c:19127:37) @ http://localhost:3000/console/node_modules/.vite/deps/@appwrite__io_console.js?v=c9418d1c:19120
[   18069ms] [ERROR] WebSocket connection to 'ws://localhost:9501/v1/realtime?project=console&channels[]=project&channels[]=console&project[1][]=%7B%22method%22%3A%22select%22%2C%22values%22%3A%5B%22*%22%5D%7D&console[1][]=%7B%22method%22%3A%22select%22%2C%22values%22%3A%5B%22*%22%5D%7D' failed: Error during WebSocket handshake: Unexpected response code: 400 @ http://localhost:3000/console/node_modules/.vite/deps/@appwrite__io_console.js?v=c9418d1c:19088
[   18069ms] [ERROR] WebSocket error: WebSocket error @ http://localhost:3000/console/node_modules/.vite/deps/@appwrite__io_console.js?v=c9418d1c:19127
[   18069ms] [ERROR] Failed to reconnect: Error: WebSocket error
    at WebSocket.<anonymous> (http://localhost:3000/console/node_modules/.vite/deps/@appwrite__io_console.js?v=c9418d1c:19127:37) @ http://localhost:3000/console/node_modules/.vite/deps/@appwrite__io_console.js?v=c9418d1c:19120
[   18224ms] [ERROR] WebSocket connection to 'ws://localhost:9501/v1/realtime?project=console&channels[]=console&console[1][]=%7B%22method%22%3A%22select%22%2C%22values%22%3A%5B%22*%22%5D%7D' failed: Error during WebSocket handshake: Unexpected response code: 404 @ http://localhost:3000/console/node_modules/.vite/deps/@appwrite__io_console.js?v=c9418d1c:19088
[   18224ms] [ERROR] WebSocket error: WebSocket error @ http://localhost:3000/console/node_modules/.vite/deps/@appwrite__io_console.js?v=c9418d1c:19127
[   18224ms] [ERROR] Failed to reconnect: Error: WebSocket error
    at WebSocket.<anonymous> (http://localhost:3000/console/node_modules/.vite/deps/@appwrite__io_console.js?v=c9418d1c:19127:37) @ http://localhost:3000/console/node_modules/.vite/deps/@appwrite__io_console.js?v=c9418d1c:19120
[   18820ms] [ERROR] WebSocket connection to 'ws://localhost:9501/v1/realtime?project=console&channels[]=console&console[1][]=%7B%22method%22%3A%22select%22%2C%22values%22%3A%5B%22*%22%5D%7D' failed: Error during WebSocket handshake: Unexpected response code: 404 @ http://localhost:3000/console/node_modules/.vite/deps/@appwrite__io_console.js?v=c9418d1c:19088
[   18820ms] [ERROR] WebSocket error: WebSocket error @ http://localhost:3000/console/node_modules/.vite/deps/@appwrite__io_console.js?v=c9418d1c:19127
[   18820ms] [ERROR] Failed to reconnect: Error: WebSocket error
    at WebSocket.<anonymous> (http://localhost:3000/console/node_modules/.vite/deps/@appwrite__io_console.js?v=c9418d1c:19127:37) @ http://localhost:3000/console/node_modules/.vite/deps/@appwrite__io_console.js?v=c9418d1c:19120
[   20663ms] [ERROR] WebSocket connection to 'ws://localhost:9501/v1/realtime?project=console&channels[]=project&channels[]=console&project[1][]=%7B%22method%22%3A%22select%22%2C%22values%22%3A%5B%22*%22%5D%7D&console[1][]=%7B%22method%22%3A%22select%22%2C%22values%22%3A%5B%22*%22%5D%7D' failed: Error during WebSocket handshake: Unexpected response code: 400 @ http://localhost:3000/console/node_modules/.vite/deps/@appwrite__io_console.js?v=c9418d1c:19088
[   20663ms] [ERROR] WebSocket error: WebSocket error @ http://localhost:3000/console/node_modules/.vite/deps/@appwrite__io_console.js?v=c9418d1c:19127
[   20663ms] [ERROR] Failed to reconnect: Error: WebSocket error
    at WebSocket.<anonymous> (http://localhost:3000/console/node_modules/.vite/deps/@appwrite__io_console.js?v=c9418d1c:19127:37) @ http://localhost:3000/console/node_modules/.vite/deps/@appwrite__io_console.js?v=c9418d1c:19120
[   21470ms] [ERROR] WebSocket connection to 'ws://localhost:9501/v1/realtime?project=console&channels[]=console&console[1][]=%7B%22method%22%3A%22select%22%2C%22values%22%3A%5B%22*%22%5D%7D' failed: Error during WebSocket handshake: Unexpected response code: 404 @ http://localhost:3000/console/node_modules/.vite/deps/@appwrite__io_console.js?v=c9418d1c:19088
[   21470ms] [ERROR] WebSocket error: WebSocket error @ http://localhost:3000/console/node_modules/.vite/deps/@appwrite__io_console.js?v=c9418d1c:19127
[   21470ms] [ERROR] Failed to reconnect: Error: WebSocket error
    at WebSocket.<anonymous> (http://localhost:3000/console/node_modules/.vite/deps/@appwrite__io_console.js?v=c9418d1c:19127:37) @ http://localhost:3000/console/node_modules/.vite/deps/@appwrite__io_console.js?v=c9418d1c:19120
[   22647ms] [ERROR] WebSocket connection to 'ws://localhost:9501/v1/realtime?project=console&channels[]=console&console[1][]=%7B%22method%22%3A%22select%22%2C%22values%22%3A%5B%22*%22%5D%7D' failed: Error during WebSocket handshake: Unexpected response code: 404 @ http://localhost:3000/console/node_modules/.vite/deps/@appwrite__io_console.js?v=c9418d1c:19088
[   22648ms] [ERROR] WebSocket error: WebSocket error @ http://localhost:3000/console/node_modules/.vite/deps/@appwrite__io_console.js?v=c9418d1c:19127
[   22648ms] [ERROR] Failed to reconnect: Error: WebSocket error
    at WebSocket.<anonymous> (http://localhost:3000/console/node_modules/.vite/deps/@appwrite__io_console.js?v=c9418d1c:19127:37) @ http://localhost:3000/console/node_modules/.vite/deps/@appwrite__io_console.js?v=c9418d1c:19120
[   23430ms] [ERROR] WebSocket connection to 'ws://localhost:9501/v1/realtime?project=console&channels[]=console&console[1][]=%7B%22method%22%3A%22select%22%2C%22values%22%3A%5B%22*%22%5D%7D' failed: Error during WebSocket handshake: Unexpected response code: 404 @ http://localhost:3000/console/node_modules/.vite/deps/@appwrite__io_console.js?v=c9418d1c:19088
[   23431ms] [ERROR] WebSocket error: WebSocket error @ http://localhost:3000/console/node_modules/.vite/deps/@appwrite__io_console.js?v=c9418d1c:19127
[   23431ms] [ERROR] Failed to reconnect: Error: WebSocket error
    at WebSocket.<anonymous> (http://localhost:3000/console/node_modules/.vite/deps/@appwrite__io_console.js?v=c9418d1c:19127:37) @ http://localhost:3000/console/node_modules/.vite/deps/@appwrite__io_console.js?v=c9418d1c:19120
[   25819ms] [ERROR] WebSocket connection to 'ws://localhost:9501/v1/realtime?project=console&channels[]=console&console[1][]=%7B%22method%22%3A%22select%22%2C%22values%22%3A%5B%22*%22%5D%7D' failed: Error during WebSocket handshake: Unexpected response code: 404 @ http://localhost:3000/console/node_modules/.vite/deps/@appwrite__io_console.js?v=c9418d1c:19088
[   25819ms] [ERROR] WebSocket error: WebSocket error @ http://localhost:3000/console/node_modules/.vite/deps/@appwrite__io_console.js?v=c9418d1c:19127
[   25819ms] [ERROR] Failed to reconnect: Error: WebSocket error
    at WebSocket.<anonymous> (http://localhost:3000/console/node_modules/.vite/deps/@appwrite__io_console.js?v=c9418d1c:19127:37) @ http://localhost:3000/console/node_modules/.vite/deps/@appwrite__io_console.js?v=c9418d1c:19120
[   29558ms] [ERROR] WebSocket connection to 'ws://localhost:9501/v1/realtime?project=console&channels[]=project&channels[]=console&project[1][]=%7B%22method%22%3A%22select%22%2C%22values%22%3A%5B%22*%22%5D%7D&console[1][]=%7B%22method%22%3A%22select%22%2C%22values%22%3A%5B%22*%22%5D%7D' failed: Error during WebSocket handshake: Unexpected response code: 400 @ http://localhost:3000/console/node_modules/.vite/deps/@appwrite__io_console.js?v=c9418d1c:19088
[   29559ms] [ERROR] WebSocket error: WebSocket error @ http://localhost:3000/console/node_modules/.vite/deps/@appwrite__io_console.js?v=c9418d1c:19127
[   29559ms] [ERROR] Failed to reconnect: Error: WebSocket error
    at WebSocket.<anonymous> (http://localhost:3000/console/node_modules/.vite/deps/@appwrite__io_console.js?v=c9418d1c:19127:37) @ http://localhost:3000/console/node_modules/.vite/deps/@appwrite__io_console.js?v=c9418d1c:19120
