[     416ms] [ERROR] Failed to load resource: the server responded with a status of 401 (Unauthorized) @ http://localhost:9501/v1/account/prefs:0
[     457ms] [ERROR] Failed to load resource: the server responded with a status of 401 (Unauthorized) @ http://localhost:9501/v1/account:0
[     468ms] [ERROR] Failed to load resource: the server responded with a status of 401 (Unauthorized) @ http://localhost:9501/v1/account:0
[   11382ms] [WARNING] Appwrite is using localStorage for session management. Increase your security by adding a custom domain as your API endpoint. @ http://localhost:3000/console/node_modules/@sveltejs/kit/src/runtime/client/client.js?v=c9418d1c:3298
[   11468ms] [WARNING] Loading http://localhost:9501/v1/account/prefs using `window.fetch`. For best results, use the `fetch` that is passed to your `load` function: https://svelte.dev/docs/kit/load#making-fetch-requests @ http://localhost:3000/console/node_modules/@sveltejs/kit/src/runtime/client/client.js?v=c9418d1c:3298
[   11468ms] [WARNING] Loading http://localhost:9501/v1/health/version using `window.fetch`. For best results, use the `fetch` that is passed to your `load` function: https://svelte.dev/docs/kit/load#making-fetch-requests @ http://localhost:3000/console/node_modules/@sveltejs/kit/src/runtime/client/client.js?v=c9418d1c:3298
[   11469ms] [WARNING] Loading http://localhost:9501/v1/console/variables using `window.fetch`. For best results, use the `fetch` that is passed to your `load` function: https://svelte.dev/docs/kit/load#making-fetch-requests @ http://localhost:3000/console/node_modules/@sveltejs/kit/src/runtime/client/client.js?v=c9418d1c:3298
[   11475ms] [WARNING] Loading http://localhost:9501/v1/projects?queries%5B0%5D=%7B%22method%22%3A%22equal%22%2C%22attribute%22%3A%22teamId%22%2C%22values%22%3A%5B%2269ca4e880030db1eaa85%22%5D%7D&queries%5B1%5D=%7B%22method%22%3A%22limit%22%2C%22values%22%3A%5B1%5D%7D&queries%5B2%5D=%7B%22method%22%3A%22select%22%2C%22values%22%3A%5B%22%24id%22%5D%7D using `window.fetch`. For best results, use the `fetch` that is passed to your `load` function: https://svelte.dev/docs/kit/load#making-fetch-requests @ http://localhost:3000/console/node_modules/@sveltejs/kit/src/runtime/client/client.js?v=c9418d1c:3298
[   11483ms] [WARNING] Loading http://localhost:9501/v1/organizations/69ca4e880030db1eaa85/roles using `window.fetch`. For best results, use the `fetch` that is passed to your `load` function: https://svelte.dev/docs/kit/load#making-fetch-requests @ http://localhost:3000/console/node_modules/@sveltejs/kit/src/runtime/client/client.js?v=c9418d1c:3298
[   11483ms] [WARNING] Loading http://localhost:9501/v1/organizations/69ca4e880030db1eaa85/plan using `window.fetch`. For best results, use the `fetch` that is passed to your `load` function: https://svelte.dev/docs/kit/load#making-fetch-requests @ http://localhost:3000/console/node_modules/@sveltejs/kit/src/runtime/client/client.js?v=c9418d1c:3298
[   11491ms] [WARNING] Loading http://localhost:9501/v1/teams/69ca4e880030db1eaa85 using `window.fetch`. For best results, use the `fetch` that is passed to your `load` function: https://svelte.dev/docs/kit/load#making-fetch-requests @ http://localhost:3000/console/node_modules/@sveltejs/kit/src/runtime/client/client.js?v=c9418d1c:3298
[   11491ms] [WARNING] Loading http://localhost:9501/v1/teams/69ca4e880030db1eaa85/memberships using `window.fetch`. For best results, use the `fetch` that is passed to your `load` function: https://svelte.dev/docs/kit/load#making-fetch-requests @ http://localhost:3000/console/node_modules/@sveltejs/kit/src/runtime/client/client.js?v=c9418d1c:3298
[   11491ms] [WARNING] Loading http://localhost:9501/v1/locale/countries using `window.fetch`. For best results, use the `fetch` that is passed to your `load` function: https://svelte.dev/docs/kit/load#making-fetch-requests @ http://localhost:3000/console/node_modules/@sveltejs/kit/src/runtime/client/client.js?v=c9418d1c:3298
[   11491ms] [WARNING] Loading http://localhost:9501/v1/locale using `window.fetch`. For best results, use the `fetch` that is passed to your `load` function: https://svelte.dev/docs/kit/load#making-fetch-requests @ http://localhost:3000/console/node_modules/@sveltejs/kit/src/runtime/client/client.js?v=c9418d1c:3298
[   11507ms] [WARNING] Loading http://localhost:9501/v1/projects?queries%5B0%5D=%7B%22method%22%3A%22or%22%2C%22values%22%3A%5B%7B%22method%22%3A%22equal%22%2C%22attribute%22%3A%22status%22%2C%22values%22%3A%5B%22active%22%2C%22paused%22%5D%7D%2C%7B%22method%22%3A%22isNull%22%2C%22attribute%22%3A%22status%22%7D%5D%7D&queries%5B1%5D=%7B%22method%22%3A%22offset%22%2C%22values%22%3A%5B0%5D%7D&queries%5B2%5D=%7B%22method%22%3A%22limit%22%2C%22values%22%3A%5B6%5D%7D&queries%5B3%5D=%7B%22method%22%3A%22orderDesc%22%2C%22attribute%22%3A%22%22%7D&queries%5B4%5D=%7B%22method%22%3A%22equal%22%2C%22attribute%22%3A%22teamId%22%2C%22values%22%3A%5B%2269ca4e880030db1eaa85%22%5D%7D using `window.fetch`. For best results, use the `fetch` that is passed to your `load` function: https://svelte.dev/docs/kit/load#making-fetch-requests @ http://localhost:3000/console/node_modules/@sveltejs/kit/src/runtime/client/client.js?v=c9418d1c:3298
[   24815ms] [WARNING] Loading http://localhost:9501/v1/projects/69ca4ebc001f665bbd91 using `window.fetch`. For best results, use the `fetch` that is passed to your `load` function: https://svelte.dev/docs/kit/load#making-fetch-requests @ http://localhost:3000/console/node_modules/@sveltejs/kit/src/runtime/client/client.js?v=c9418d1c:3298
[   24841ms] [WARNING] Loading http://localhost:9501/v1/console/variables using `window.fetch`. For best results, use the `fetch` that is passed to your `load` function: https://svelte.dev/docs/kit/load#making-fetch-requests @ http://localhost:3000/console/node_modules/@sveltejs/kit/src/runtime/client/client.js?v=c9418d1c:3298
[   24841ms] [WARNING] Loading http://localhost:9501/v1/organizations/69ca4e880030db1eaa85/roles using `window.fetch`. For best results, use the `fetch` that is passed to your `load` function: https://svelte.dev/docs/kit/load#making-fetch-requests @ http://localhost:3000/console/node_modules/@sveltejs/kit/src/runtime/client/client.js?v=c9418d1c:3298
[   24849ms] [WARNING] Loading http://localhost:9501/v1/organizations/69ca4e880030db1eaa85/plan using `window.fetch`. For best results, use the `fetch` that is passed to your `load` function: https://svelte.dev/docs/kit/load#making-fetch-requests @ http://localhost:3000/console/node_modules/@sveltejs/kit/src/runtime/client/client.js?v=c9418d1c:3298
[   24896ms] [ERROR] Failed to load resource: the server responded with a status of 401 (Unauthorized) @ http://localhost:9501/v1/projects/69ca4ebc001f665bbd91/console-access:0
[   24896ms] [ERROR] Failed to update console access: AppwriteException: Invalid console fingerprint
    at Client.<anonymous> (http://localhost:3000/console/node_modules/.vite/deps/@appwrite__io_console.js?v=c9418d1c:2590:11)
    at Generator.next (<anonymous>)
    at fulfilled (http://localhost:3000/console/node_modules/.vite/deps/@appwrite__io_console.js?v=c9418d1c:1551:20) @ http://localhost:3000/console/src/routes/(console)/project-[region]-[project]/+layout.ts?sentry-auto-wrap:67
[   24906ms] [ERROR] WebSocket connection to 'ws://localhost:9501/v1/realtime?project=console&channels[]=console&console[1][]=%7B%22method%22%3A%22select%22%2C%22values%22%3A%5B%22*%22%5D%7D' failed: Error during WebSocket handshake: Unexpected response code: 404 @ http://localhost:3000/console/node_modules/.vite/deps/@appwrite__io_console.js?v=c9418d1c:19088
[   24907ms] [ERROR] WebSocket error: WebSocket error @ http://localhost:3000/console/node_modules/.vite/deps/@appwrite__io_console.js?v=c9418d1c:19127
[   24908ms] Error: WebSocket error
    at WebSocket.<anonymous> (http://localhost:3000/console/node_modules/.vite/deps/@appwrite__io_console.js?v=c9418d1c:19127:37)
[   24922ms] [ERROR] WebSocket connection to 'ws://localhost:9501/v1/realtime?project=console&channels[]=console&console[1][]=%7B%22method%22%3A%22select%22%2C%22values%22%3A%5B%22*%22%5D%7D' failed: Error during WebSocket handshake: Unexpected response code: 404 @ http://localhost:3000/console/node_modules/.vite/deps/@appwrite__io_console.js?v=c9418d1c:19088
[   24922ms] [ERROR] WebSocket error: WebSocket error @ http://localhost:3000/console/node_modules/.vite/deps/@appwrite__io_console.js?v=c9418d1c:19127
[   24922ms] Error: WebSocket error
    at WebSocket.<anonymous> (http://localhost:3000/console/node_modules/.vite/deps/@appwrite__io_console.js?v=c9418d1c:19127:37)
[   24937ms] [ERROR] WebSocket connection to 'ws://localhost:9501/v1/realtime?project=console&channels[]=console&console[1][]=%7B%22method%22%3A%22select%22%2C%22values%22%3A%5B%22*%22%5D%7D' failed: Error during WebSocket handshake: Unexpected response code: 404 @ http://localhost:3000/console/node_modules/.vite/deps/@appwrite__io_console.js?v=c9418d1c:19088
[   24937ms] [ERROR] WebSocket error: WebSocket error @ http://localhost:3000/console/node_modules/.vite/deps/@appwrite__io_console.js?v=c9418d1c:19127
[   24937ms] Error: WebSocket error
    at WebSocket.<anonymous> (http://localhost:3000/console/node_modules/.vite/deps/@appwrite__io_console.js?v=c9418d1c:19127:37)
[   24950ms] [ERROR] WebSocket connection to 'ws://localhost:9501/v1/realtime?project=console&channels[]=project&channels[]=console&project[1][]=%7B%22method%22%3A%22select%22%2C%22values%22%3A%5B%22*%22%5D%7D&console[1][]=%7B%22method%22%3A%22select%22%2C%22values%22%3A%5B%22*%22%5D%7D' failed: Error during WebSocket handshake: Unexpected response code: 400 @ http://localhost:3000/console/node_modules/.vite/deps/@appwrite__io_console.js?v=c9418d1c:19088
[   24950ms] [ERROR] WebSocket error: WebSocket error @ http://localhost:3000/console/node_modules/.vite/deps/@appwrite__io_console.js?v=c9418d1c:19127
[   24950ms] Error: WebSocket error
    at WebSocket.<anonymous> (http://localhost:3000/console/node_modules/.vite/deps/@appwrite__io_console.js?v=c9418d1c:19127:37)
[   25916ms] [ERROR] WebSocket connection to 'ws://localhost:9501/v1/realtime?project=console&channels[]=console&console[1][]=%7B%22method%22%3A%22select%22%2C%22values%22%3A%5B%22*%22%5D%7D' failed: Error during WebSocket handshake: Unexpected response code: 404 @ http://localhost:3000/console/node_modules/.vite/deps/@appwrite__io_console.js?v=c9418d1c:19088
[   25916ms] [ERROR] WebSocket error: WebSocket error @ http://localhost:3000/console/node_modules/.vite/deps/@appwrite__io_console.js?v=c9418d1c:19127
[   25917ms] [ERROR] Failed to reconnect: Error: WebSocket error
    at WebSocket.<anonymous> (http://localhost:3000/console/node_modules/.vite/deps/@appwrite__io_console.js?v=c9418d1c:19127:37) @ http://localhost:3000/console/node_modules/.vite/deps/@appwrite__io_console.js?v=c9418d1c:19120
[   25934ms] [ERROR] WebSocket connection to 'ws://localhost:9501/v1/realtime?project=console&channels[]=console&console[1][]=%7B%22method%22%3A%22select%22%2C%22values%22%3A%5B%22*%22%5D%7D' failed: Error during WebSocket handshake: Unexpected response code: 404 @ http://localhost:3000/console/node_modules/.vite/deps/@appwrite__io_console.js?v=c9418d1c:19088
[   25934ms] [ERROR] WebSocket error: WebSocket error @ http://localhost:3000/console/node_modules/.vite/deps/@appwrite__io_console.js?v=c9418d1c:19127
[   25934ms] [ERROR] Failed to reconnect: Error: WebSocket error
    at WebSocket.<anonymous> (http://localhost:3000/console/node_modules/.vite/deps/@appwrite__io_console.js?v=c9418d1c:19127:37) @ http://localhost:3000/console/node_modules/.vite/deps/@appwrite__io_console.js?v=c9418d1c:19120
[   25950ms] [ERROR] WebSocket connection to 'ws://localhost:9501/v1/realtime?project=console&channels[]=console&console[1][]=%7B%22method%22%3A%22select%22%2C%22values%22%3A%5B%22*%22%5D%7D' failed: Error during WebSocket handshake: Unexpected response code: 404 @ http://localhost:3000/console/node_modules/.vite/deps/@appwrite__io_console.js?v=c9418d1c:19088
[   25950ms] [ERROR] WebSocket error: WebSocket error @ http://localhost:3000/console/node_modules/.vite/deps/@appwrite__io_console.js?v=c9418d1c:19127
[   25950ms] [ERROR] Failed to reconnect: Error: WebSocket error
    at WebSocket.<anonymous> (http://localhost:3000/console/node_modules/.vite/deps/@appwrite__io_console.js?v=c9418d1c:19127:37) @ http://localhost:3000/console/node_modules/.vite/deps/@appwrite__io_console.js?v=c9418d1c:19120
[   25963ms] [ERROR] WebSocket connection to 'ws://localhost:9501/v1/realtime?project=console&channels[]=project&channels[]=console&project[1][]=%7B%22method%22%3A%22select%22%2C%22values%22%3A%5B%22*%22%5D%7D&console[1][]=%7B%22method%22%3A%22select%22%2C%22values%22%3A%5B%22*%22%5D%7D' failed: Error during WebSocket handshake: Unexpected response code: 400 @ http://localhost:3000/console/node_modules/.vite/deps/@appwrite__io_console.js?v=c9418d1c:19088
[   25963ms] [ERROR] WebSocket error: WebSocket error @ http://localhost:3000/console/node_modules/.vite/deps/@appwrite__io_console.js?v=c9418d1c:19127
[   25963ms] [ERROR] Failed to reconnect: Error: WebSocket error
    at WebSocket.<anonymous> (http://localhost:3000/console/node_modules/.vite/deps/@appwrite__io_console.js?v=c9418d1c:19127:37) @ http://localhost:3000/console/node_modules/.vite/deps/@appwrite__io_console.js?v=c9418d1c:19120
[   26928ms] [ERROR] WebSocket connection to 'ws://localhost:9501/v1/realtime?project=console&channels[]=console&console[1][]=%7B%22method%22%3A%22select%22%2C%22values%22%3A%5B%22*%22%5D%7D' failed: Error during WebSocket handshake: Unexpected response code: 404 @ http://localhost:3000/console/node_modules/.vite/deps/@appwrite__io_console.js?v=c9418d1c:19088
[   26928ms] [ERROR] WebSocket error: WebSocket error @ http://localhost:3000/console/node_modules/.vite/deps/@appwrite__io_console.js?v=c9418d1c:19127
[   26928ms] [ERROR] Failed to reconnect: Error: WebSocket error
    at WebSocket.<anonymous> (http://localhost:3000/console/node_modules/.vite/deps/@appwrite__io_console.js?v=c9418d1c:19127:37) @ http://localhost:3000/console/node_modules/.vite/deps/@appwrite__io_console.js?v=c9418d1c:19120
[   26947ms] [ERROR] WebSocket connection to 'ws://localhost:9501/v1/realtime?project=console&channels[]=console&console[1][]=%7B%22method%22%3A%22select%22%2C%22values%22%3A%5B%22*%22%5D%7D' failed: Error during WebSocket handshake: Unexpected response code: 404 @ http://localhost:3000/console/node_modules/.vite/deps/@appwrite__io_console.js?v=c9418d1c:19088
[   26948ms] [ERROR] WebSocket error: WebSocket error @ http://localhost:3000/console/node_modules/.vite/deps/@appwrite__io_console.js?v=c9418d1c:19127
[   26948ms] [ERROR] Failed to reconnect: Error: WebSocket error
    at WebSocket.<anonymous> (http://localhost:3000/console/node_modules/.vite/deps/@appwrite__io_console.js?v=c9418d1c:19127:37) @ http://localhost:3000/console/node_modules/.vite/deps/@appwrite__io_console.js?v=c9418d1c:19120
[   26966ms] [ERROR] WebSocket connection to 'ws://localhost:9501/v1/realtime?project=console&channels[]=console&console[1][]=%7B%22method%22%3A%22select%22%2C%22values%22%3A%5B%22*%22%5D%7D' failed: Error during WebSocket handshake: Unexpected response code: 404 @ http://localhost:3000/console/node_modules/.vite/deps/@appwrite__io_console.js?v=c9418d1c:19088
[   26966ms] [ERROR] WebSocket error: WebSocket error @ http://localhost:3000/console/node_modules/.vite/deps/@appwrite__io_console.js?v=c9418d1c:19127
[   26966ms] [ERROR] Failed to reconnect: Error: WebSocket error
    at WebSocket.<anonymous> (http://localhost:3000/console/node_modules/.vite/deps/@appwrite__io_console.js?v=c9418d1c:19127:37) @ http://localhost:3000/console/node_modules/.vite/deps/@appwrite__io_console.js?v=c9418d1c:19120
[   26978ms] [ERROR] WebSocket connection to 'ws://localhost:9501/v1/realtime?project=console&channels[]=project&channels[]=console&project[1][]=%7B%22method%22%3A%22select%22%2C%22values%22%3A%5B%22*%22%5D%7D&console[1][]=%7B%22method%22%3A%22select%22%2C%22values%22%3A%5B%22*%22%5D%7D' failed: Error during WebSocket handshake: Unexpected response code: 400 @ http://localhost:3000/console/node_modules/.vite/deps/@appwrite__io_console.js?v=c9418d1c:19088
[   26978ms] [ERROR] WebSocket error: WebSocket error @ http://localhost:3000/console/node_modules/.vite/deps/@appwrite__io_console.js?v=c9418d1c:19127
[   26978ms] [ERROR] Failed to reconnect: Error: WebSocket error
    at WebSocket.<anonymous> (http://localhost:3000/console/node_modules/.vite/deps/@appwrite__io_console.js?v=c9418d1c:19127:37) @ http://localhost:3000/console/node_modules/.vite/deps/@appwrite__io_console.js?v=c9418d1c:19120
[   27953ms] [ERROR] WebSocket connection to 'ws://localhost:9501/v1/realtime?project=console&channels[]=console&console[1][]=%7B%22method%22%3A%22select%22%2C%22values%22%3A%5B%22*%22%5D%7D' failed: Error during WebSocket handshake: Unexpected response code: 404 @ http://localhost:3000/console/node_modules/.vite/deps/@appwrite__io_console.js?v=c9418d1c:19088
[   27953ms] [ERROR] WebSocket error: WebSocket error @ http://localhost:3000/console/node_modules/.vite/deps/@appwrite__io_console.js?v=c9418d1c:19127
[   27953ms] [ERROR] Failed to reconnect: Error: WebSocket error
    at WebSocket.<anonymous> (http://localhost:3000/console/node_modules/.vite/deps/@appwrite__io_console.js?v=c9418d1c:19127:37) @ http://localhost:3000/console/node_modules/.vite/deps/@appwrite__io_console.js?v=c9418d1c:19120
[   27973ms] [ERROR] WebSocket connection to 'ws://localhost:9501/v1/realtime?project=console&channels[]=console&console[1][]=%7B%22method%22%3A%22select%22%2C%22values%22%3A%5B%22*%22%5D%7D' failed: Error during WebSocket handshake: Unexpected response code: 404 @ http://localhost:3000/console/node_modules/.vite/deps/@appwrite__io_console.js?v=c9418d1c:19088
[   27973ms] [ERROR] WebSocket error: WebSocket error @ http://localhost:3000/console/node_modules/.vite/deps/@appwrite__io_console.js?v=c9418d1c:19127
[   27973ms] [ERROR] Failed to reconnect: Error: WebSocket error
    at WebSocket.<anonymous> (http://localhost:3000/console/node_modules/.vite/deps/@appwrite__io_console.js?v=c9418d1c:19127:37) @ http://localhost:3000/console/node_modules/.vite/deps/@appwrite__io_console.js?v=c9418d1c:19120
[   27993ms] [ERROR] WebSocket connection to 'ws://localhost:9501/v1/realtime?project=console&channels[]=console&console[1][]=%7B%22method%22%3A%22select%22%2C%22values%22%3A%5B%22*%22%5D%7D' failed: Error during WebSocket handshake: Unexpected response code: 404 @ http://localhost:3000/console/node_modules/.vite/deps/@appwrite__io_console.js?v=c9418d1c:19088
[   27993ms] [ERROR] WebSocket error: WebSocket error @ http://localhost:3000/console/node_modules/.vite/deps/@appwrite__io_console.js?v=c9418d1c:19127
[   27993ms] [ERROR] Failed to reconnect: Error: WebSocket error
    at WebSocket.<anonymous> (http://localhost:3000/console/node_modules/.vite/deps/@appwrite__io_console.js?v=c9418d1c:19127:37) @ http://localhost:3000/console/node_modules/.vite/deps/@appwrite__io_console.js?v=c9418d1c:19120
[   28012ms] [ERROR] WebSocket connection to 'ws://localhost:9501/v1/realtime?project=console&channels[]=project&channels[]=console&project[1][]=%7B%22method%22%3A%22select%22%2C%22values%22%3A%5B%22*%22%5D%7D&console[1][]=%7B%22method%22%3A%22select%22%2C%22values%22%3A%5B%22*%22%5D%7D' failed: Error during WebSocket handshake: Unexpected response code: 400 @ http://localhost:3000/console/node_modules/.vite/deps/@appwrite__io_console.js?v=c9418d1c:19088
[   28012ms] [ERROR] WebSocket error: WebSocket error @ http://localhost:3000/console/node_modules/.vite/deps/@appwrite__io_console.js?v=c9418d1c:19127
[   28012ms] [ERROR] Failed to reconnect: Error: WebSocket error
    at WebSocket.<anonymous> (http://localhost:3000/console/node_modules/.vite/deps/@appwrite__io_console.js?v=c9418d1c:19127:37) @ http://localhost:3000/console/node_modules/.vite/deps/@appwrite__io_console.js?v=c9418d1c:19120
[   28982ms] [ERROR] WebSocket connection to 'ws://localhost:9501/v1/realtime?project=console&channels[]=console&console[1][]=%7B%22method%22%3A%22select%22%2C%22values%22%3A%5B%22*%22%5D%7D' failed: Error during WebSocket handshake: Unexpected response code: 404 @ http://localhost:3000/console/node_modules/.vite/deps/@appwrite__io_console.js?v=c9418d1c:19088
[   28982ms] [ERROR] WebSocket error: WebSocket error @ http://localhost:3000/console/node_modules/.vite/deps/@appwrite__io_console.js?v=c9418d1c:19127
[   28982ms] [ERROR] Failed to reconnect: Error: WebSocket error
    at WebSocket.<anonymous> (http://localhost:3000/console/node_modules/.vite/deps/@appwrite__io_console.js?v=c9418d1c:19127:37) @ http://localhost:3000/console/node_modules/.vite/deps/@appwrite__io_console.js?v=c9418d1c:19120
[   29020ms] [ERROR] WebSocket connection to 'ws://localhost:9501/v1/realtime?project=console&channels[]=console&console[1][]=%7B%22method%22%3A%22select%22%2C%22values%22%3A%5B%22*%22%5D%7D' failed: Error during WebSocket handshake: Unexpected response code: 404 @ http://localhost:3000/console/node_modules/.vite/deps/@appwrite__io_console.js?v=c9418d1c:19088
[   29020ms] [ERROR] WebSocket error: WebSocket error @ http://localhost:3000/console/node_modules/.vite/deps/@appwrite__io_console.js?v=c9418d1c:19127
[   29021ms] [ERROR] Failed to reconnect: Error: WebSocket error
    at WebSocket.<anonymous> (http://localhost:3000/console/node_modules/.vite/deps/@appwrite__io_console.js?v=c9418d1c:19127:37) @ http://localhost:3000/console/node_modules/.vite/deps/@appwrite__io_console.js?v=c9418d1c:19120
[   29067ms] [ERROR] WebSocket connection to 'ws://localhost:9501/v1/realtime?project=console&channels[]=console&console[1][]=%7B%22method%22%3A%22select%22%2C%22values%22%3A%5B%22*%22%5D%7D' failed: Error during WebSocket handshake: Unexpected response code: 404 @ http://localhost:3000/console/node_modules/.vite/deps/@appwrite__io_console.js?v=c9418d1c:19088
[   29067ms] [ERROR] WebSocket error: WebSocket error @ http://localhost:3000/console/node_modules/.vite/deps/@appwrite__io_console.js?v=c9418d1c:19127
[   29067ms] [ERROR] Failed to reconnect: Error: WebSocket error
    at WebSocket.<anonymous> (http://localhost:3000/console/node_modules/.vite/deps/@appwrite__io_console.js?v=c9418d1c:19127:37) @ http://localhost:3000/console/node_modules/.vite/deps/@appwrite__io_console.js?v=c9418d1c:19120
[   29111ms] [ERROR] WebSocket connection to 'ws://localhost:9501/v1/realtime?project=console&channels[]=project&channels[]=console&project[1][]=%7B%22method%22%3A%22select%22%2C%22values%22%3A%5B%22*%22%5D%7D&console[1][]=%7B%22method%22%3A%22select%22%2C%22values%22%3A%5B%22*%22%5D%7D' failed: Error during WebSocket handshake: Unexpected response code: 400 @ http://localhost:3000/console/node_modules/.vite/deps/@appwrite__io_console.js?v=c9418d1c:19088
[   29111ms] [ERROR] WebSocket error: WebSocket error @ http://localhost:3000/console/node_modules/.vite/deps/@appwrite__io_console.js?v=c9418d1c:19127
[   29111ms] [ERROR] Failed to reconnect: Error: WebSocket error
    at WebSocket.<anonymous> (http://localhost:3000/console/node_modules/.vite/deps/@appwrite__io_console.js?v=c9418d1c:19127:37) @ http://localhost:3000/console/node_modules/.vite/deps/@appwrite__io_console.js?v=c9418d1c:19120
[   30044ms] [ERROR] WebSocket connection to 'ws://localhost:9501/v1/realtime?project=console&channels[]=console&console[1][]=%7B%22method%22%3A%22select%22%2C%22values%22%3A%5B%22*%22%5D%7D' failed: Error during WebSocket handshake: Unexpected response code: 404 @ http://localhost:3000/console/node_modules/.vite/deps/@appwrite__io_console.js?v=c9418d1c:19088
[   30044ms] [ERROR] WebSocket error: WebSocket error @ http://localhost:3000/console/node_modules/.vite/deps/@appwrite__io_console.js?v=c9418d1c:19127
[   30044ms] [ERROR] Failed to reconnect: Error: WebSocket error
    at WebSocket.<anonymous> (http://localhost:3000/console/node_modules/.vite/deps/@appwrite__io_console.js?v=c9418d1c:19127:37) @ http://localhost:3000/console/node_modules/.vite/deps/@appwrite__io_console.js?v=c9418d1c:19120
[   30143ms] [ERROR] WebSocket connection to 'ws://localhost:9501/v1/realtime?project=console&channels[]=console&console[1][]=%7B%22method%22%3A%22select%22%2C%22values%22%3A%5B%22*%22%5D%7D' failed: Error during WebSocket handshake: Unexpected response code: 404 @ http://localhost:3000/console/node_modules/.vite/deps/@appwrite__io_console.js?v=c9418d1c:19088
[   30143ms] [ERROR] WebSocket error: WebSocket error @ http://localhost:3000/console/node_modules/.vite/deps/@appwrite__io_console.js?v=c9418d1c:19127
[   30143ms] [ERROR] Failed to reconnect: Error: WebSocket error
    at WebSocket.<anonymous> (http://localhost:3000/console/node_modules/.vite/deps/@appwrite__io_console.js?v=c9418d1c:19127:37) @ http://localhost:3000/console/node_modules/.vite/deps/@appwrite__io_console.js?v=c9418d1c:19120
[   30200ms] [ERROR] WebSocket connection to 'ws://localhost:9501/v1/realtime?project=console&channels[]=console&console[1][]=%7B%22method%22%3A%22select%22%2C%22values%22%3A%5B%22*%22%5D%7D' failed: Error during WebSocket handshake: Unexpected response code: 404 @ http://localhost:3000/console/node_modules/.vite/deps/@appwrite__io_console.js?v=c9418d1c:19088
[   30201ms] [ERROR] WebSocket error: WebSocket error @ http://localhost:3000/console/node_modules/.vite/deps/@appwrite__io_console.js?v=c9418d1c:19127
[   30201ms] [ERROR] Failed to reconnect: Error: WebSocket error
    at WebSocket.<anonymous> (http://localhost:3000/console/node_modules/.vite/deps/@appwrite__io_console.js?v=c9418d1c:19127:37) @ http://localhost:3000/console/node_modules/.vite/deps/@appwrite__io_console.js?v=c9418d1c:19120
[   30629ms] [ERROR] WebSocket connection to 'ws://localhost:9501/v1/realtime?project=console&channels[]=project&channels[]=console&project[1][]=%7B%22method%22%3A%22select%22%2C%22values%22%3A%5B%22*%22%5D%7D&console[1][]=%7B%22method%22%3A%22select%22%2C%22values%22%3A%5B%22*%22%5D%7D' failed: Error during WebSocket handshake: Unexpected response code: 400 @ http://localhost:3000/console/node_modules/.vite/deps/@appwrite__io_console.js?v=c9418d1c:19088
[   30630ms] [ERROR] WebSocket error: WebSocket error @ http://localhost:3000/console/node_modules/.vite/deps/@appwrite__io_console.js?v=c9418d1c:19127
[   30630ms] [ERROR] Failed to reconnect: Error: WebSocket error
    at WebSocket.<anonymous> (http://localhost:3000/console/node_modules/.vite/deps/@appwrite__io_console.js?v=c9418d1c:19127:37) @ http://localhost:3000/console/node_modules/.vite/deps/@appwrite__io_console.js?v=c9418d1c:19120
[   35582ms] [ERROR] WebSocket connection to 'ws://localhost:9501/v1/realtime?project=console&channels[]=console&console[1][]=%7B%22method%22%3A%22select%22%2C%22values%22%3A%5B%22*%22%5D%7D' failed: Error during WebSocket handshake: Unexpected response code: 404 @ http://localhost:3000/console/node_modules/.vite/deps/@appwrite__io_console.js?v=c9418d1c:19088
[   35582ms] [ERROR] WebSocket error: WebSocket error @ http://localhost:3000/console/node_modules/.vite/deps/@appwrite__io_console.js?v=c9418d1c:19127
[   35582ms] [ERROR] Failed to reconnect: Error: WebSocket error
    at WebSocket.<anonymous> (http://localhost:3000/console/node_modules/.vite/deps/@appwrite__io_console.js?v=c9418d1c:19127:37) @ http://localhost:3000/console/node_modules/.vite/deps/@appwrite__io_console.js?v=c9418d1c:19120
[   35599ms] [ERROR] WebSocket connection to 'ws://localhost:9501/v1/realtime?project=console&channels[]=console&console[1][]=%7B%22method%22%3A%22select%22%2C%22values%22%3A%5B%22*%22%5D%7D' failed: Error during WebSocket handshake: Unexpected response code: 404 @ http://localhost:3000/console/node_modules/.vite/deps/@appwrite__io_console.js?v=c9418d1c:19088
[   35600ms] [ERROR] WebSocket error: WebSocket error @ http://localhost:3000/console/node_modules/.vite/deps/@appwrite__io_console.js?v=c9418d1c:19127
[   35600ms] [ERROR] Failed to reconnect: Error: WebSocket error
    at WebSocket.<anonymous> (http://localhost:3000/console/node_modules/.vite/deps/@appwrite__io_console.js?v=c9418d1c:19127:37) @ http://localhost:3000/console/node_modules/.vite/deps/@appwrite__io_console.js?v=c9418d1c:19120
[   36902ms] [ERROR] WebSocket connection to 'ws://localhost:9501/v1/realtime?project=console&channels[]=project&channels[]=console&project[1][]=%7B%22method%22%3A%22select%22%2C%22values%22%3A%5B%22*%22%5D%7D&console[1][]=%7B%22method%22%3A%22select%22%2C%22values%22%3A%5B%22*%22%5D%7D' failed: Error during WebSocket handshake: Unexpected response code: 400 @ http://localhost:3000/console/node_modules/.vite/deps/@appwrite__io_console.js?v=c9418d1c:19088
[   36902ms] [ERROR] WebSocket error: WebSocket error @ http://localhost:3000/console/node_modules/.vite/deps/@appwrite__io_console.js?v=c9418d1c:19127
[   36902ms] [ERROR] Failed to reconnect: Error: WebSocket error
    at WebSocket.<anonymous> (http://localhost:3000/console/node_modules/.vite/deps/@appwrite__io_console.js?v=c9418d1c:19127:37) @ http://localhost:3000/console/node_modules/.vite/deps/@appwrite__io_console.js?v=c9418d1c:19120
[   36921ms] [ERROR] WebSocket connection to 'ws://localhost:9501/v1/realtime?project=console&channels[]=console&console[1][]=%7B%22method%22%3A%22select%22%2C%22values%22%3A%5B%22*%22%5D%7D' failed: Error during WebSocket handshake: Unexpected response code: 404 @ http://localhost:3000/console/node_modules/.vite/deps/@appwrite__io_console.js?v=c9418d1c:19088
[   36922ms] [ERROR] WebSocket error: WebSocket error @ http://localhost:3000/console/node_modules/.vite/deps/@appwrite__io_console.js?v=c9418d1c:19127
[   36922ms] [ERROR] Failed to reconnect: Error: WebSocket error
    at WebSocket.<anonymous> (http://localhost:3000/console/node_modules/.vite/deps/@appwrite__io_console.js?v=c9418d1c:19127:37) @ http://localhost:3000/console/node_modules/.vite/deps/@appwrite__io_console.js?v=c9418d1c:19120
[   41511ms] [ERROR] WebSocket connection to 'ws://localhost:9501/v1/realtime?project=console&channels[]=console&console[1][]=%7B%22method%22%3A%22select%22%2C%22values%22%3A%5B%22*%22%5D%7D' failed: Error during WebSocket handshake: Unexpected response code: 404 @ http://localhost:3000/console/node_modules/.vite/deps/@appwrite__io_console.js?v=c9418d1c:19088
[   41511ms] [ERROR] WebSocket error: WebSocket error @ http://localhost:3000/console/node_modules/.vite/deps/@appwrite__io_console.js?v=c9418d1c:19127
[   41511ms] [ERROR] Failed to reconnect: Error: WebSocket error
    at WebSocket.<anonymous> (http://localhost:3000/console/node_modules/.vite/deps/@appwrite__io_console.js?v=c9418d1c:19127:37) @ http://localhost:3000/console/node_modules/.vite/deps/@appwrite__io_console.js?v=c9418d1c:19120
[   43070ms] [WARNING] Loading http://localhost:9501/v1/tablesdb/69ca5983000c4a895d1a/tables/69ca5cff001f87cddf95/rows?queries%5B0%5D=%7B%22method%22%3A%22limit%22%2C%22values%22%3A%5B50%5D%7D&queries%5B1%5D=%7B%22method%22%3A%22offset%22%2C%22values%22%3A%5B0%5D%7D&queries%5B2%5D=%7B%22method%22%3A%22orderDesc%22%2C%22attribute%22%3A%22%22%7D&queries%5B3%5D=%7B%22method%22%3A%22select%22%2C%22values%22%3A%5B%22*%22%5D%7D using `window.fetch`. For best results, use the `fetch` that is passed to your `load` function: https://svelte.dev/docs/kit/load#making-fetch-requests @ http://localhost:3000/console/node_modules/@sveltejs/kit/src/runtime/client/client.js?v=c9418d1c:3298
[   44331ms] [ERROR] WebSocket connection to 'ws://localhost:9501/v1/realtime?project=console&channels[]=project&channels[]=console&project[1][]=%7B%22method%22%3A%22select%22%2C%22values%22%3A%5B%22*%22%5D%7D&console[1][]=%7B%22method%22%3A%22select%22%2C%22values%22%3A%5B%22*%22%5D%7D' failed: Error during WebSocket handshake: Unexpected response code: 400 @ http://localhost:3000/console/node_modules/.vite/deps/@appwrite__io_console.js?v=c9418d1c:19088
[   44331ms] [ERROR] WebSocket error: WebSocket error @ http://localhost:3000/console/node_modules/.vite/deps/@appwrite__io_console.js?v=c9418d1c:19127
[   44331ms] [ERROR] Failed to reconnect: Error: WebSocket error
    at WebSocket.<anonymous> (http://localhost:3000/console/node_modules/.vite/deps/@appwrite__io_console.js?v=c9418d1c:19127:37) @ http://localhost:3000/console/node_modules/.vite/deps/@appwrite__io_console.js?v=c9418d1c:19120
[   45441ms] [ERROR] WebSocket connection to 'ws://localhost:9501/v1/realtime?project=console&channels[]=console&console[1][]=%7B%22method%22%3A%22select%22%2C%22values%22%3A%5B%22*%22%5D%7D' failed: Error during WebSocket handshake: Unexpected response code: 404 @ http://localhost:3000/console/node_modules/.vite/deps/@appwrite__io_console.js?v=c9418d1c:19088
[   45441ms] [ERROR] WebSocket error: WebSocket error @ http://localhost:3000/console/node_modules/.vite/deps/@appwrite__io_console.js?v=c9418d1c:19127
[   45441ms] [ERROR] Failed to reconnect: Error: WebSocket error
    at WebSocket.<anonymous> (http://localhost:3000/console/node_modules/.vite/deps/@appwrite__io_console.js?v=c9418d1c:19127:37) @ http://localhost:3000/console/node_modules/.vite/deps/@appwrite__io_console.js?v=c9418d1c:19120
[   45631ms] [ERROR] WebSocket connection to 'ws://localhost:9501/v1/realtime?project=console&channels[]=console&console[1][]=%7B%22method%22%3A%22select%22%2C%22values%22%3A%5B%22*%22%5D%7D' failed: Error during WebSocket handshake: Unexpected response code: 404 @ http://localhost:3000/console/node_modules/.vite/deps/@appwrite__io_console.js?v=c9418d1c:19088
[   45632ms] [ERROR] WebSocket error: WebSocket error @ http://localhost:3000/console/node_modules/.vite/deps/@appwrite__io_console.js?v=c9418d1c:19127
[   45632ms] [ERROR] Failed to reconnect: Error: WebSocket error
    at WebSocket.<anonymous> (http://localhost:3000/console/node_modules/.vite/deps/@appwrite__io_console.js?v=c9418d1c:19127:37) @ http://localhost:3000/console/node_modules/.vite/deps/@appwrite__io_console.js?v=c9418d1c:19120
[   46196ms] [ERROR] WebSocket connection to 'ws://localhost:9501/v1/realtime?project=console&channels[]=project&channels[]=console&project[1][]=%7B%22method%22%3A%22select%22%2C%22values%22%3A%5B%22*%22%5D%7D&console[1][]=%7B%22method%22%3A%22select%22%2C%22values%22%3A%5B%22*%22%5D%7D' failed: Error during WebSocket handshake: Unexpected response code: 400 @ http://localhost:3000/console/node_modules/.vite/deps/@appwrite__io_console.js?v=c9418d1c:19088
[   46197ms] [ERROR] WebSocket error: WebSocket error @ http://localhost:3000/console/node_modules/.vite/deps/@appwrite__io_console.js?v=c9418d1c:19127
[   46199ms] Error: WebSocket error
    at WebSocket.<anonymous> (http://localhost:3000/console/node_modules/.vite/deps/@appwrite__io_console.js?v=c9418d1c:19127:37)
[   49351ms] [ERROR] WebSocket connection to 'ws://localhost:9501/v1/realtime?project=console&channels[]=project&channels[]=console&project[1][]=%7B%22method%22%3A%22select%22%2C%22values%22%3A%5B%22*%22%5D%7D&console[1][]=%7B%22method%22%3A%22select%22%2C%22values%22%3A%5B%22*%22%5D%7D' failed: Error during WebSocket handshake: Unexpected response code: 400 @ http://localhost:3000/console/node_modules/.vite/deps/@appwrite__io_console.js?v=c9418d1c:19088
[   49351ms] [ERROR] WebSocket error: WebSocket error @ http://localhost:3000/console/node_modules/.vite/deps/@appwrite__io_console.js?v=c9418d1c:19127
[   49352ms] [ERROR] Failed to reconnect: Error: WebSocket error
    at WebSocket.<anonymous> (http://localhost:3000/console/node_modules/.vite/deps/@appwrite__io_console.js?v=c9418d1c:19127:37) @ http://localhost:3000/console/node_modules/.vite/deps/@appwrite__io_console.js?v=c9418d1c:19120
[   49897ms] [ERROR] WebSocket connection to 'ws://localhost:9501/v1/realtime?project=console&channels[]=console&console[1][]=%7B%22method%22%3A%22select%22%2C%22values%22%3A%5B%22*%22%5D%7D' failed: Error during WebSocket handshake: Unexpected response code: 404 @ http://localhost:3000/console/node_modules/.vite/deps/@appwrite__io_console.js?v=c9418d1c:19088
[   49897ms] [ERROR] WebSocket error: WebSocket error @ http://localhost:3000/console/node_modules/.vite/deps/@appwrite__io_console.js?v=c9418d1c:19127
[   49897ms] [ERROR] Failed to reconnect: Error: WebSocket error
    at WebSocket.<anonymous> (http://localhost:3000/console/node_modules/.vite/deps/@appwrite__io_console.js?v=c9418d1c:19127:37) @ http://localhost:3000/console/node_modules/.vite/deps/@appwrite__io_console.js?v=c9418d1c:19120
[   52368ms] [ERROR] WebSocket connection to 'ws://localhost:9501/v1/realtime?project=console&channels[]=project&channels[]=console&project[1][]=%7B%22method%22%3A%22select%22%2C%22values%22%3A%5B%22*%22%5D%7D&console[1][]=%7B%22method%22%3A%22select%22%2C%22values%22%3A%5B%22*%22%5D%7D' failed: Error during WebSocket handshake: Unexpected response code: 400 @ http://localhost:3000/console/node_modules/.vite/deps/@appwrite__io_console.js?v=c9418d1c:19088
[   52368ms] [ERROR] WebSocket error: WebSocket error @ http://localhost:3000/console/node_modules/.vite/deps/@appwrite__io_console.js?v=c9418d1c:19127
[   52369ms] [ERROR] Failed to reconnect: Error: WebSocket error
    at WebSocket.<anonymous> (http://localhost:3000/console/node_modules/.vite/deps/@appwrite__io_console.js?v=c9418d1c:19127:37) @ http://localhost:3000/console/node_modules/.vite/deps/@appwrite__io_console.js?v=c9418d1c:19120
[   53244ms] [ERROR] WebSocket connection to 'ws://localhost:9501/v1/realtime?project=console&channels[]=console&console[1][]=%7B%22method%22%3A%22select%22%2C%22values%22%3A%5B%22*%22%5D%7D' failed: Error during WebSocket handshake: Unexpected response code: 404 @ http://localhost:3000/console/node_modules/.vite/deps/@appwrite__io_console.js?v=c9418d1c:19088
[   53244ms] [ERROR] WebSocket error: WebSocket error @ http://localhost:3000/console/node_modules/.vite/deps/@appwrite__io_console.js?v=c9418d1c:19127
[   53244ms] [ERROR] Failed to reconnect: Error: WebSocket error
    at WebSocket.<anonymous> (http://localhost:3000/console/node_modules/.vite/deps/@appwrite__io_console.js?v=c9418d1c:19127:37) @ http://localhost:3000/console/node_modules/.vite/deps/@appwrite__io_console.js?v=c9418d1c:19120
[   53414ms] [ERROR] WebSocket connection to 'ws://localhost:9501/v1/realtime?project=console&channels[]=project&channels[]=console&project[1][]=%7B%22method%22%3A%22select%22%2C%22values%22%3A%5B%22*%22%5D%7D&console[1][]=%7B%22method%22%3A%22select%22%2C%22values%22%3A%5B%22*%22%5D%7D' failed: Error during WebSocket handshake: Unexpected response code: 400 @ http://localhost:3000/console/node_modules/.vite/deps/@appwrite__io_console.js?v=c9418d1c:19088
[   53414ms] [ERROR] WebSocket error: WebSocket error @ http://localhost:3000/console/node_modules/.vite/deps/@appwrite__io_console.js?v=c9418d1c:19127
[   53414ms] [ERROR] Failed to reconnect: Error: WebSocket error
    at WebSocket.<anonymous> (http://localhost:3000/console/node_modules/.vite/deps/@appwrite__io_console.js?v=c9418d1c:19127:37) @ http://localhost:3000/console/node_modules/.vite/deps/@appwrite__io_console.js?v=c9418d1c:19120
[   54955ms] [ERROR] WebSocket connection to 'ws://localhost:9501/v1/realtime?project=console&channels[]=console&console[1][]=%7B%22method%22%3A%22select%22%2C%22values%22%3A%5B%22*%22%5D%7D' failed: Error during WebSocket handshake: Unexpected response code: 404 @ http://localhost:3000/console/node_modules/.vite/deps/@appwrite__io_console.js?v=c9418d1c:19088
[   54955ms] [ERROR] WebSocket error: WebSocket error @ http://localhost:3000/console/node_modules/.vite/deps/@appwrite__io_console.js?v=c9418d1c:19127
[   54955ms] [ERROR] Failed to reconnect: Error: WebSocket error
    at WebSocket.<anonymous> (http://localhost:3000/console/node_modules/.vite/deps/@appwrite__io_console.js?v=c9418d1c:19127:37) @ http://localhost:3000/console/node_modules/.vite/deps/@appwrite__io_console.js?v=c9418d1c:19120
[   57080ms] [ERROR] WebSocket connection to 'ws://localhost:9501/v1/realtime?project=console&channels[]=project&channels[]=console&project[1][]=%7B%22method%22%3A%22select%22%2C%22values%22%3A%5B%22*%22%5D%7D&console[1][]=%7B%22method%22%3A%22select%22%2C%22values%22%3A%5B%22*%22%5D%7D' failed: Error during WebSocket handshake: Unexpected response code: 400 @ http://localhost:3000/console/node_modules/.vite/deps/@appwrite__io_console.js?v=c9418d1c:19088
[   57080ms] [ERROR] WebSocket error: WebSocket error @ http://localhost:3000/console/node_modules/.vite/deps/@appwrite__io_console.js?v=c9418d1c:19127
[   57081ms] [ERROR] Failed to reconnect: Error: WebSocket error
    at WebSocket.<anonymous> (http://localhost:3000/console/node_modules/.vite/deps/@appwrite__io_console.js?v=c9418d1c:19127:37) @ http://localhost:3000/console/node_modules/.vite/deps/@appwrite__io_console.js?v=c9418d1c:19120
[   58963ms] [ERROR] WebSocket connection to 'ws://localhost:9501/v1/realtime?project=console&channels[]=console&console[1][]=%7B%22method%22%3A%22select%22%2C%22values%22%3A%5B%22*%22%5D%7D' failed: Error during WebSocket handshake: Unexpected response code: 404 @ http://localhost:3000/console/node_modules/.vite/deps/@appwrite__io_console.js?v=c9418d1c:19088
[   58963ms] [ERROR] WebSocket error: WebSocket error @ http://localhost:3000/console/node_modules/.vite/deps/@appwrite__io_console.js?v=c9418d1c:19127
[   58964ms] [ERROR] Failed to reconnect: Error: WebSocket error
    at WebSocket.<anonymous> (http://localhost:3000/console/node_modules/.vite/deps/@appwrite__io_console.js?v=c9418d1c:19127:37) @ http://localhost:3000/console/node_modules/.vite/deps/@appwrite__io_console.js?v=c9418d1c:19120
[   61077ms] [ERROR] WebSocket connection to 'ws://localhost:9501/v1/realtime?project=console&channels[]=project&channels[]=console&project[1][]=%7B%22method%22%3A%22select%22%2C%22values%22%3A%5B%22*%22%5D%7D&console[1][]=%7B%22method%22%3A%22select%22%2C%22values%22%3A%5B%22*%22%5D%7D' failed: Error during WebSocket handshake: Unexpected response code: 400 @ http://localhost:3000/console/node_modules/.vite/deps/@appwrite__io_console.js?v=c9418d1c:19088
[   61077ms] [ERROR] WebSocket error: WebSocket error @ http://localhost:3000/console/node_modules/.vite/deps/@appwrite__io_console.js?v=c9418d1c:19127
[   61077ms] [ERROR] Failed to reconnect: Error: WebSocket error
    at WebSocket.<anonymous> (http://localhost:3000/console/node_modules/.vite/deps/@appwrite__io_console.js?v=c9418d1c:19127:37) @ http://localhost:3000/console/node_modules/.vite/deps/@appwrite__io_console.js?v=c9418d1c:19120
[   62208ms] [ERROR] WebSocket connection to 'ws://localhost:9501/v1/realtime?project=console&channels[]=project&channels[]=console&project[1][]=%7B%22method%22%3A%22select%22%2C%22values%22%3A%5B%22*%22%5D%7D&console[1][]=%7B%22method%22%3A%22select%22%2C%22values%22%3A%5B%22*%22%5D%7D' failed: Error during WebSocket handshake: Unexpected response code: 400 @ http://localhost:3000/console/node_modules/.vite/deps/@appwrite__io_console.js?v=c9418d1c:19088
[   62209ms] [ERROR] WebSocket error: WebSocket error @ http://localhost:3000/console/node_modules/.vite/deps/@appwrite__io_console.js?v=c9418d1c:19127
[   62209ms] [ERROR] Failed to reconnect: Error: WebSocket error
    at WebSocket.<anonymous> (http://localhost:3000/console/node_modules/.vite/deps/@appwrite__io_console.js?v=c9418d1c:19127:37) @ http://localhost:3000/console/node_modules/.vite/deps/@appwrite__io_console.js?v=c9418d1c:19120
[   62820ms] [ERROR] WebSocket connection to 'ws://localhost:9501/v1/realtime?project=console&channels[]=console&console[1][]=%7B%22method%22%3A%22select%22%2C%22values%22%3A%5B%22*%22%5D%7D' failed: Error during WebSocket handshake: Unexpected response code: 404 @ http://localhost:3000/console/node_modules/.vite/deps/@appwrite__io_console.js?v=c9418d1c:19088
[   62820ms] [ERROR] WebSocket error: WebSocket error @ http://localhost:3000/console/node_modules/.vite/deps/@appwrite__io_console.js?v=c9418d1c:19127
[   62820ms] [ERROR] Failed to reconnect: Error: WebSocket error
    at WebSocket.<anonymous> (http://localhost:3000/console/node_modules/.vite/deps/@appwrite__io_console.js?v=c9418d1c:19127:37) @ http://localhost:3000/console/node_modules/.vite/deps/@appwrite__io_console.js?v=c9418d1c:19120
[   62872ms] [ERROR] WebSocket connection to 'ws://localhost:9501/v1/realtime?project=console&channels[]=console&console[1][]=%7B%22method%22%3A%22select%22%2C%22values%22%3A%5B%22*%22%5D%7D' failed: Error during WebSocket handshake: Unexpected response code: 404 @ http://localhost:3000/console/node_modules/.vite/deps/@appwrite__io_console.js?v=c9418d1c:19088
[   62872ms] [ERROR] WebSocket error: WebSocket error @ http://localhost:3000/console/node_modules/.vite/deps/@appwrite__io_console.js?v=c9418d1c:19127
[   62872ms] [ERROR] Failed to reconnect: Error: WebSocket error
    at WebSocket.<anonymous> (http://localhost:3000/console/node_modules/.vite/deps/@appwrite__io_console.js?v=c9418d1c:19127:37) @ http://localhost:3000/console/node_modules/.vite/deps/@appwrite__io_console.js?v=c9418d1c:19120
[   64221ms] [ERROR] WebSocket connection to 'ws://localhost:9501/v1/realtime?project=console&channels[]=project&channels[]=console&project[1][]=%7B%22method%22%3A%22select%22%2C%22values%22%3A%5B%22*%22%5D%7D&console[1][]=%7B%22method%22%3A%22select%22%2C%22values%22%3A%5B%22*%22%5D%7D' failed: Error during WebSocket handshake: Unexpected response code: 400 @ http://localhost:3000/console/node_modules/.vite/deps/@appwrite__io_console.js?v=c9418d1c:19088
[   64221ms] [ERROR] WebSocket error: WebSocket error @ http://localhost:3000/console/node_modules/.vite/deps/@appwrite__io_console.js?v=c9418d1c:19127
[   64221ms] [ERROR] Failed to reconnect: Error: WebSocket error
    at WebSocket.<anonymous> (http://localhost:3000/console/node_modules/.vite/deps/@appwrite__io_console.js?v=c9418d1c:19127:37) @ http://localhost:3000/console/node_modules/.vite/deps/@appwrite__io_console.js?v=c9418d1c:19120
[   65274ms] [ERROR] WebSocket connection to 'ws://localhost:9501/v1/realtime?project=console&channels[]=console&console[1][]=%7B%22method%22%3A%22select%22%2C%22values%22%3A%5B%22*%22%5D%7D' failed: Error during WebSocket handshake: Unexpected response code: 404 @ http://localhost:3000/console/node_modules/.vite/deps/@appwrite__io_console.js?v=c9418d1c:19088
[   65275ms] [ERROR] WebSocket error: WebSocket error @ http://localhost:3000/console/node_modules/.vite/deps/@appwrite__io_console.js?v=c9418d1c:19127
[   65275ms] [ERROR] Failed to reconnect: Error: WebSocket error
    at WebSocket.<anonymous> (http://localhost:3000/console/node_modules/.vite/deps/@appwrite__io_console.js?v=c9418d1c:19127:37) @ http://localhost:3000/console/node_modules/.vite/deps/@appwrite__io_console.js?v=c9418d1c:19120
[   67929ms] [ERROR] WebSocket connection to 'ws://localhost:9501/v1/realtime?project=console&channels[]=project&channels[]=console&project[1][]=%7B%22method%22%3A%22select%22%2C%22values%22%3A%5B%22*%22%5D%7D&console[1][]=%7B%22method%22%3A%22select%22%2C%22values%22%3A%5B%22*%22%5D%7D' failed: Error during WebSocket handshake: Unexpected response code: 400 @ http://localhost:3000/console/node_modules/.vite/deps/@appwrite__io_console.js?v=c9418d1c:19088
[   67930ms] [ERROR] WebSocket error: WebSocket error @ http://localhost:3000/console/node_modules/.vite/deps/@appwrite__io_console.js?v=c9418d1c:19127
[   67930ms] [ERROR] Failed to reconnect: Error: WebSocket error
    at WebSocket.<anonymous> (http://localhost:3000/console/node_modules/.vite/deps/@appwrite__io_console.js?v=c9418d1c:19127:37) @ http://localhost:3000/console/node_modules/.vite/deps/@appwrite__io_console.js?v=c9418d1c:19120
[   69038ms] [ERROR] WebSocket connection to 'ws://localhost:9501/v1/realtime?project=console&channels[]=console&console[1][]=%7B%22method%22%3A%22select%22%2C%22values%22%3A%5B%22*%22%5D%7D' failed: Error during WebSocket handshake: Unexpected response code: 404 @ http://localhost:3000/console/node_modules/.vite/deps/@appwrite__io_console.js?v=c9418d1c:19088
[   69038ms] [ERROR] WebSocket error: WebSocket error @ http://localhost:3000/console/node_modules/.vite/deps/@appwrite__io_console.js?v=c9418d1c:19127
[   69038ms] [ERROR] Failed to reconnect: Error: WebSocket error
    at WebSocket.<anonymous> (http://localhost:3000/console/node_modules/.vite/deps/@appwrite__io_console.js?v=c9418d1c:19127:37) @ http://localhost:3000/console/node_modules/.vite/deps/@appwrite__io_console.js?v=c9418d1c:19120
[   69057ms] [ERROR] WebSocket connection to 'ws://localhost:9501/v1/realtime?project=console&channels[]=console&console[1][]=%7B%22method%22%3A%22select%22%2C%22values%22%3A%5B%22*%22%5D%7D' failed: Error during WebSocket handshake: Unexpected response code: 404 @ http://localhost:3000/console/node_modules/.vite/deps/@appwrite__io_console.js?v=c9418d1c:19088
[   69057ms] [ERROR] WebSocket error: WebSocket error @ http://localhost:3000/console/node_modules/.vite/deps/@appwrite__io_console.js?v=c9418d1c:19127
[   69057ms] [ERROR] Failed to reconnect: Error: WebSocket error
    at WebSocket.<anonymous> (http://localhost:3000/console/node_modules/.vite/deps/@appwrite__io_console.js?v=c9418d1c:19127:37) @ http://localhost:3000/console/node_modules/.vite/deps/@appwrite__io_console.js?v=c9418d1c:19120
[   71722ms] [ERROR] WebSocket connection to 'ws://localhost:9501/v1/realtime?project=console&channels[]=console&console[1][]=%7B%22method%22%3A%22select%22%2C%22values%22%3A%5B%22*%22%5D%7D' failed: Error during WebSocket handshake: Unexpected response code: 404 @ http://localhost:3000/console/node_modules/.vite/deps/@appwrite__io_console.js?v=c9418d1c:19088
[   71723ms] [ERROR] WebSocket error: WebSocket error @ http://localhost:3000/console/node_modules/.vite/deps/@appwrite__io_console.js?v=c9418d1c:19127
[   71723ms] [ERROR] Failed to reconnect: Error: WebSocket error
    at WebSocket.<anonymous> (http://localhost:3000/console/node_modules/.vite/deps/@appwrite__io_console.js?v=c9418d1c:19127:37) @ http://localhost:3000/console/node_modules/.vite/deps/@appwrite__io_console.js?v=c9418d1c:19120
[   72293ms] [ERROR] WebSocket connection to 'ws://localhost:9501/v1/realtime?project=console&channels[]=project&channels[]=console&project[1][]=%7B%22method%22%3A%22select%22%2C%22values%22%3A%5B%22*%22%5D%7D&console[1][]=%7B%22method%22%3A%22select%22%2C%22values%22%3A%5B%22*%22%5D%7D' failed: Error during WebSocket handshake: Unexpected response code: 400 @ http://localhost:3000/console/node_modules/.vite/deps/@appwrite__io_console.js?v=c9418d1c:19088
[   72293ms] [ERROR] WebSocket error: WebSocket error @ http://localhost:3000/console/node_modules/.vite/deps/@appwrite__io_console.js?v=c9418d1c:19127
[   72294ms] [ERROR] Failed to reconnect: Error: WebSocket error
    at WebSocket.<anonymous> (http://localhost:3000/console/node_modules/.vite/deps/@appwrite__io_console.js?v=c9418d1c:19127:37) @ http://localhost:3000/console/node_modules/.vite/deps/@appwrite__io_console.js?v=c9418d1c:19120
[   75393ms] [ERROR] WebSocket connection to 'ws://localhost:9501/v1/realtime?project=console&channels[]=console&console[1][]=%7B%22method%22%3A%22select%22%2C%22values%22%3A%5B%22*%22%5D%7D' failed: Error during WebSocket handshake: Unexpected response code: 404 @ http://localhost:3000/console/node_modules/.vite/deps/@appwrite__io_console.js?v=c9418d1c:19088
[   75393ms] [ERROR] WebSocket error: WebSocket error @ http://localhost:3000/console/node_modules/.vite/deps/@appwrite__io_console.js?v=c9418d1c:19127
[   75394ms] [ERROR] Failed to reconnect: Error: WebSocket error
    at WebSocket.<anonymous> (http://localhost:3000/console/node_modules/.vite/deps/@appwrite__io_console.js?v=c9418d1c:19127:37) @ http://localhost:3000/console/node_modules/.vite/deps/@appwrite__io_console.js?v=c9418d1c:19120
[   77682ms] [ERROR] WebSocket connection to 'ws://localhost:9501/v1/realtime?project=console&channels[]=project&channels[]=console&project[1][]=%7B%22method%22%3A%22select%22%2C%22values%22%3A%5B%22*%22%5D%7D&console[1][]=%7B%22method%22%3A%22select%22%2C%22values%22%3A%5B%22*%22%5D%7D' failed: Error during WebSocket handshake: Unexpected response code: 400 @ http://localhost:3000/console/node_modules/.vite/deps/@appwrite__io_console.js?v=c9418d1c:19088
[   77683ms] [ERROR] WebSocket error: WebSocket error @ http://localhost:3000/console/node_modules/.vite/deps/@appwrite__io_console.js?v=c9418d1c:19127
[   77683ms] [ERROR] Failed to reconnect: Error: WebSocket error
    at WebSocket.<anonymous> (http://localhost:3000/console/node_modules/.vite/deps/@appwrite__io_console.js?v=c9418d1c:19127:37) @ http://localhost:3000/console/node_modules/.vite/deps/@appwrite__io_console.js?v=c9418d1c:19120
[   77982ms] [ERROR] WebSocket connection to 'ws://localhost:9501/v1/realtime?project=console&channels[]=console&console[1][]=%7B%22method%22%3A%22select%22%2C%22values%22%3A%5B%22*%22%5D%7D' failed: Error during WebSocket handshake: Unexpected response code: 404 @ http://localhost:3000/console/node_modules/.vite/deps/@appwrite__io_console.js?v=c9418d1c:19088
[   77982ms] [ERROR] WebSocket error: WebSocket error @ http://localhost:3000/console/node_modules/.vite/deps/@appwrite__io_console.js?v=c9418d1c:19127
[   77982ms] [ERROR] Failed to reconnect: Error: WebSocket error
    at WebSocket.<anonymous> (http://localhost:3000/console/node_modules/.vite/deps/@appwrite__io_console.js?v=c9418d1c:19127:37) @ http://localhost:3000/console/node_modules/.vite/deps/@appwrite__io_console.js?v=c9418d1c:19120
[   80070ms] [ERROR] WebSocket connection to 'ws://localhost:9501/v1/realtime?project=console&channels[]=console&console[1][]=%7B%22method%22%3A%22select%22%2C%22values%22%3A%5B%22*%22%5D%7D' failed: Error during WebSocket handshake: Unexpected response code: 404 @ http://localhost:3000/console/node_modules/.vite/deps/@appwrite__io_console.js?v=c9418d1c:19088
[   80070ms] [ERROR] WebSocket error: WebSocket error @ http://localhost:3000/console/node_modules/.vite/deps/@appwrite__io_console.js?v=c9418d1c:19127
[   80070ms] [ERROR] Failed to reconnect: Error: WebSocket error
    at WebSocket.<anonymous> (http://localhost:3000/console/node_modules/.vite/deps/@appwrite__io_console.js?v=c9418d1c:19127:37) @ http://localhost:3000/console/node_modules/.vite/deps/@appwrite__io_console.js?v=c9418d1c:19120
[   81083ms] [ERROR] WebSocket connection to 'ws://localhost:9501/v1/realtime?project=console&channels[]=project&channels[]=console&project[1][]=%7B%22method%22%3A%22select%22%2C%22values%22%3A%5B%22*%22%5D%7D&console[1][]=%7B%22method%22%3A%22select%22%2C%22values%22%3A%5B%22*%22%5D%7D' failed: Error during WebSocket handshake: Unexpected response code: 400 @ http://localhost:3000/console/node_modules/.vite/deps/@appwrite__io_console.js?v=c9418d1c:19088
[   81083ms] [ERROR] WebSocket error: WebSocket error @ http://localhost:3000/console/node_modules/.vite/deps/@appwrite__io_console.js?v=c9418d1c:19127
[   81083ms] [ERROR] Failed to reconnect: Error: WebSocket error
    at WebSocket.<anonymous> (http://localhost:3000/console/node_modules/.vite/deps/@appwrite__io_console.js?v=c9418d1c:19127:37) @ http://localhost:3000/console/node_modules/.vite/deps/@appwrite__io_console.js?v=c9418d1c:19120
[   83860ms] [ERROR] WebSocket connection to 'ws://localhost:9501/v1/realtime?project=console&channels[]=console&console[1][]=%7B%22method%22%3A%22select%22%2C%22values%22%3A%5B%22*%22%5D%7D' failed: Error during WebSocket handshake: Unexpected response code: 404 @ http://localhost:3000/console/node_modules/.vite/deps/@appwrite__io_console.js?v=c9418d1c:19088
[   83860ms] [ERROR] WebSocket error: WebSocket error @ http://localhost:3000/console/node_modules/.vite/deps/@appwrite__io_console.js?v=c9418d1c:19127
[   83860ms] [ERROR] Failed to reconnect: Error: WebSocket error
    at WebSocket.<anonymous> (http://localhost:3000/console/node_modules/.vite/deps/@appwrite__io_console.js?v=c9418d1c:19127:37) @ http://localhost:3000/console/node_modules/.vite/deps/@appwrite__io_console.js?v=c9418d1c:19120
